<?xml version="1.0" encoding="UTF-8"?>
<!-- Generated by org.testng.reporters.JUnitReportReporter -->
<testsuite hostname="HJS-PC08Z6HB" name="com.app.test.andriod.ContactsTest" tests="1" failures="0" timestamp="21 Oct 2016 10:02:02 GMT" time="28.548" errors="0">
  <testcase name="addContact" time="28.548" classname="com.app.test.andriod.ContactsTest"/>
</testsuite> <!-- com.app.test.andriod.ContactsTest -->
